#
# There is insufficient memory for the Java Runtime Environment to continue.
# Native memory allocation (malloc) failed to allocate 32880 bytes for Chunk::new
# Possible reasons:
#   The system is out of physical RAM or swap space
#   In 32 bit mode, the process size limit was hit
# Possible solutions:
#   Reduce memory load on the system
#   Increase physical memory or swap space
#   Check if swap backing store is full
#   Use 64 bit Java on a 64 bit OS
#   Decrease Java heap size (-Xmx/-Xms)
#   Decrease number of Java threads
#   Decrease Java thread stack sizes (-Xss)
#   Set larger code cache with -XX:ReservedCodeCacheSize=
# This output file may be truncated or incomplete.
#
#  Out of Memory Error (allocation.cpp:390), pid=22544, tid=0x000075d0
#
# JRE version: Java(TM) SE Runtime Environment (8.0_191-b12) (build 1.8.0_191-b12)
# Java VM: Java HotSpot(TM) Client VM (25.191-b12 mixed mode, sharing windows-x86 )
# Failed to write core dump. Minidumps are not enabled by default on client versions of Windows
#

---------------  T H R E A D  ---------------

Current thread (0x16e34800):  JavaThread "/session" [_thread_in_native, id=30160, stack(0x17970000,0x179c0000)]

Stack: [0x17970000,0x179c0000],  sp=0x179bdbb4,  free space=310k
Native frames: (J=compiled Java code, j=interpreted, Vv=VM code, C=native code)
V  [jvm.dll+0x1acfeb]
V  [jvm.dll+0x1a56c8]
V  [jvm.dll+0x8e051]
V  [jvm.dll+0x8e4e7]
V  [jvm.dll+0xa5fd4]
V  [jvm.dll+0x3b639]
V  [jvm.dll+0x3b6bd]
V  [jvm.dll+0x3ccef]
V  [jvm.dll+0x3b951]
V  [jvm.dll+0x511ff]
V  [jvm.dll+0x518ca]
V  [jvm.dll+0x52b10]
V  [jvm.dll+0x52b5a]
V  [jvm.dll+0xae428]
V  [jvm.dll+0x81fb2]
V  [jvm.dll+0x8208d]
j  sun.security.provider.JavaKeyStore$DualFormatJKS.<init>()V+7
v  ~StubRoutines::call_stub
V  [jvm.dll+0x15c315]
V  [jvm.dll+0x223ece]
V  [jvm.dll+0x15c3ae]
V  [jvm.dll+0x168de8]
V  [jvm.dll+0x169191]
V  [jvm.dll+0x105188]
C  [java.dll+0x3bf7]
j  sun.reflect.NativeConstructorAccessorImpl.newInstance([Ljava/lang/Object;)Ljava/lang/Object;+85
j  sun.reflect.DelegatingConstructorAccessorImpl.newInstance([Ljava/lang/Object;)Ljava/lang/Object;+5
j  java.lang.reflect.Constructor.newInstance([Ljava/lang/Object;)Ljava/lang/Object;+79
j  java.security.Provider$Service.newInstance(Ljava/lang/Object;)Ljava/lang/Object;+170
j  sun.security.jca.GetInstance.getInstance(Ljava/security/Provider$Service;Ljava/lang/Class;)Lsun/security/jca/GetInstance$Instance;+2
j  sun.security.jca.GetInstance.getInstance(Ljava/lang/String;Ljava/lang/Class;Ljava/lang/String;)Lsun/security/jca/GetInstance$Instance;+56
j  java.security.Security.getImpl(Ljava/lang/String;Ljava/lang/String;Ljava/lang/String;)[Ljava/lang/Object;+10
j  java.security.KeyStore.getInstance(Ljava/lang/String;)Ljava/security/KeyStore;+7
j  sun.security.ssl.TrustManagerFactoryImpl.getCacertsKeyStore(Ljava/lang/String;)Ljava/security/KeyStore;+377
j  sun.security.ssl.TrustManagerFactoryImpl.engineInit(Ljava/security/KeyStore;)V+6
j  javax.net.ssl.TrustManagerFactory.init(Ljava/security/KeyStore;)V+5
j  okhttp3.internal.Util.platformTrustManager()Ljavax/net/ssl/X509TrustManager;+12
j  okhttp3.OkHttpClient.<init>(Lokhttp3/OkHttpClient$Builder;)V+189
j  okhttp3.OkHttpClient$Builder.build()Lokhttp3/OkHttpClient;+5
j  org.openqa.selenium.remote.internal.OkHttpClient$Factory$1.createClient(Ljava/net/URL;)Lorg/openqa/selenium/remote/http/HttpClient;+139
j  org.openqa.selenium.remote.http.HttpClient$Factory.createClient(Ljava/net/URL;)Lorg/openqa/selenium/remote/http/HttpClient;+7
j  org.openqa.selenium.grid.session.remote.RemoteSession$Factory.performHandshake(Ljava/lang/Object;Ljava/net/URL;Ljava/util/Set;Lorg/openqa/selenium/Capabilities;)Ljava/util/Optional;+4
j  org.openqa.selenium.grid.session.remote.ServicedSession$Factory.apply(Ljava/util/Set;Lorg/openqa/selenium/Capabilities;)Ljava/util/Optional;+45
j  org.openqa.selenium.remote.server.ActiveSessionFactory.lambda$apply$12(Ljava/util/Set;Lorg/openqa/selenium/Capabilities;Lorg/openqa/selenium/grid/session/SessionFactory;)Ljava/util/Optional;+3
j  org.openqa.selenium.remote.server.ActiveSessionFactory$$Lambda$304.apply(Ljava/lang/Object;)Ljava/lang/Object;+12
j  java.util.stream.ReferencePipeline$3$1.accept(Ljava/lang/Object;)V+12
j  java.util.stream.ReferencePipeline$11$1.accept(Ljava/lang/Object;)V+18
j  java.util.stream.ReferencePipeline$2$1.accept(Ljava/lang/Object;)V+21
j  java.util.Spliterators$ArraySpliterator.tryAdvance(Ljava/util/function/Consumer;)Z+49
j  java.util.stream.ReferencePipeline.forEachWithCancel(Ljava/util/Spliterator;Ljava/util/stream/Sink;)V+11
j  java.util.stream.AbstractPipeline.copyIntoWithCancel(Ljava/util/stream/Sink;Ljava/util/Spliterator;)V+32
j  java.util.stream.AbstractPipeline.copyInto(Ljava/util/stream/Sink;Ljava/util/Spliterator;)V+49
j  java.util.stream.AbstractPipeline.wrapAndCopyInto(Ljava/util/stream/Sink;Ljava/util/Spliterator;)Ljava/util/stream/Sink;+13
j  java.util.stream.FindOps$FindOp.evaluateSequential(Ljava/util/stream/PipelineHelper;Ljava/util/Spliterator;)Ljava/lang/Object;+14
j  java.util.stream.AbstractPipeline.evaluate(Ljava/util/stream/TerminalOp;)Ljava/lang/Object;+88
j  java.util.stream.ReferencePipeline.findFirst()Ljava/util/Optional;+5
j  org.openqa.selenium.remote.server.ActiveSessionFactory.apply(Ljava/util/Set;Lorg/openqa/selenium/Capabilities;)Ljava/util/Optional;+97
j  org.openqa.selenium.remote.server.NewSessionPipeline.lambda$null$2(Lorg/openqa/selenium/remote/NewSessionPayload;Lorg/openqa/selenium/Capabilities;Lorg/openqa/selenium/grid/session/SessionFactory;)Ljava/util/Optional;+6
j  org.openqa.selenium.remote.server.NewSessionPipeline$$Lambda$296.apply(Ljava/lang/Object;)Ljava/lang/Object;+12
j  java.util.stream.ReferencePipeline$3$1.accept(Ljava/lang/Object;)V+12
j  java.util.stream.ReferencePipeline$2$1.accept(Ljava/lang/Object;)V+21
j  java.util.Collections$2.tryAdvance(Ljava/util/function/Consumer;)Z+29
j  java.util.stream.ReferencePipeline.forEachWithCancel(Ljava/util/Spliterator;Ljava/util/stream/Sink;)V+11
j  java.util.stream.AbstractPipeline.copyIntoWithCancel(Ljava/util/stream/Sink;Ljava/util/Spliterator;)V+32
j  java.util.stream.AbstractPipeline.copyInto(Ljava/util/stream/Sink;Ljava/util/Spliterator;)V+49
j  java.util.stream.AbstractPipeline.wrapAndCopyInto(Ljava/util/stream/Sink;Ljava/util/Spliterator;)Ljava/util/stream/Sink;+13
j  java.util.stream.FindOps$FindOp.evaluateSequential(Ljava/util/stream/PipelineHelper;Ljava/util/Spliterator;)Ljava/lang/Object;+14
j  java.util.stream.AbstractPipeline.evaluate(Ljava/util/stream/TerminalOp;)Ljava/lang/Object;+88
j  java.util.stream.ReferencePipeline.findFirst()Ljava/util/Optional;+5
j  org.openqa.selenium.remote.server.NewSessionPipeline.lambda$createNewSession$3(Lorg/openqa/selenium/remote/NewSessionPayload;Lorg/openqa/selenium/Capabilities;)Ljava/util/Optional;+52
j  org.openqa.selenium.remote.server.NewSessionPipeline$$Lambda$291.apply(Ljava/lang/Object;)Ljava/lang/Object;+12
j  java.util.stream.ReferencePipeline$3$1.accept(Ljava/lang/Object;)V+12
j  java.util.stream.ReferencePipeline$3$1.accept(Ljava/lang/Object;)V+17
j  java.util.stream.ReferencePipeline$3$1.accept(Ljava/lang/Object;)V+17
j  java.util.stream.DistinctOps$1$2.accept(Ljava/lang/Object;)V+29
j  java.util.stream.ReferencePipeline$2$1.accept(Ljava/lang/Object;)V+21
j  java.util.stream.ReferencePipeline$3$1.accept(Ljava/lang/Object;)V+17
j  java.util.stream.ReferencePipeline$2$1.accept(Ljava/lang/Object;)V+21
j  java.util.stream.Streams$StreamBuilderImpl.tryAdvance(Ljava/util/function/Consumer;)Z+19
j  java.util.stream.Streams$ConcatSpliterator.tryAdvance(Ljava/util/function/Consumer;)Z+12
j  java.util.stream.ReferencePipeline.forEachWithCancel(Ljava/util/Spliterator;Ljava/util/stream/Sink;)V+11
j  java.util.stream.AbstractPipeline.copyIntoWithCancel(Ljava/util/stream/Sink;Ljava/util/Spliterator;)V+32
j  java.util.stream.AbstractPipeline.copyInto(Ljava/util/stream/Sink;Ljava/util/Spliterator;)V+49
j  java.util.stream.AbstractPipeline.wrapAndCopyInto(Ljava/util/stream/Sink;Ljava/util/Spliterator;)Ljava/util/stream/Sink;+13
j  java.util.stream.FindOps$FindOp.evaluateSequential(Ljava/util/stream/PipelineHelper;Ljava/util/Spliterator;)Ljava/lang/Object;+14
j  java.util.stream.AbstractPipeline.evaluate(Ljava/util/stream/TerminalOp;)Ljava/lang/Object;+88
j  java.util.stream.ReferencePipeline.findFirst()Ljava/util/Optional;+5
j  org.openqa.selenium.remote.server.NewSessionPipeline.createNewSession(Lorg/openqa/selenium/remote/NewSessionPayload;)Lorg/openqa/selenium/grid/session/ActiveSession;+47
j  org.openqa.selenium.remote.server.commandhandler.BeginSession.execute(Lorg/openqa/selenium/remote/http/HttpRequest;Lorg/openqa/selenium/remote/http/HttpResponse;)V+36
j  org.openqa.selenium.remote.server.WebDriverServlet.lambda$handle$0(Lorg/openqa/selenium/grid/web/CommandHandler;Ljavax/servlet/http/HttpServletRequest;Ljavax/servlet/http/HttpServletResponse;)V+243
j  org.openqa.selenium.remote.server.WebDriverServlet$$Lambda$136.run()V+12
j  java.util.concurrent.Executors$RunnableAdapter.call()Ljava/lang/Object;+4
j  java.util.concurrent.FutureTask.run()V+42
j  java.util.concurrent.ThreadPoolExecutor.runWorker(Ljava/util/concurrent/ThreadPoolExecutor$Worker;)V+95
j  java.util.concurrent.ThreadPoolExecutor$Worker.run()V+5
j  java.lang.Thread.run()V+11
v  ~StubRoutines::call_stub
V  [jvm.dll+0x15c315]
V  [jvm.dll+0x223ece]
V  [jvm.dll+0x15c3ae]
...<more frames>...

Java frames: (J=compiled Java code, j=interpreted, Vv=VM code)
j  sun.security.provider.JavaKeyStore$DualFormatJKS.<init>()V+7
v  ~StubRoutines::call_stub
j  sun.reflect.NativeConstructorAccessorImpl.newInstance0(Ljava/lang/reflect/Constructor;[Ljava/lang/Object;)Ljava/lang/Object;+0
j  sun.reflect.NativeConstructorAccessorImpl.newInstance([Ljava/lang/Object;)Ljava/lang/Object;+85
j  sun.reflect.DelegatingConstructorAccessorImpl.newInstance([Ljava/lang/Object;)Ljava/lang/Object;+5
j  java.lang.reflect.Constructor.newInstance([Ljava/lang/Object;)Ljava/lang/Object;+79
j  java.security.Provider$Service.newInstance(Ljava/lang/Object;)Ljava/lang/Object;+170
j  sun.security.jca.GetInstance.getInstance(Ljava/security/Provider$Service;Ljava/lang/Class;)Lsun/security/jca/GetInstance$Instance;+2
j  sun.security.jca.GetInstance.getInstance(Ljava/lang/String;Ljava/lang/Class;Ljava/lang/String;)Lsun/security/jca/GetInstance$Instance;+56
j  java.security.Security.getImpl(Ljava/lang/String;Ljava/lang/String;Ljava/lang/String;)[Ljava/lang/Object;+10
j  java.security.KeyStore.getInstance(Ljava/lang/String;)Ljava/security/KeyStore;+7
j  sun.security.ssl.TrustManagerFactoryImpl.getCacertsKeyStore(Ljava/lang/String;)Ljava/security/KeyStore;+377
j  sun.security.ssl.TrustManagerFactoryImpl.engineInit(Ljava/security/KeyStore;)V+6
j  javax.net.ssl.TrustManagerFactory.init(Ljava/security/KeyStore;)V+5
j  okhttp3.internal.Util.platformTrustManager()Ljavax/net/ssl/X509TrustManager;+12
j  okhttp3.OkHttpClient.<init>(Lokhttp3/OkHttpClient$Builder;)V+189
j  okhttp3.OkHttpClient$Builder.build()Lokhttp3/OkHttpClient;+5
j  org.openqa.selenium.remote.internal.OkHttpClient$Factory$1.createClient(Ljava/net/URL;)Lorg/openqa/selenium/remote/http/HttpClient;+139
j  org.openqa.selenium.remote.http.HttpClient$Factory.createClient(Ljava/net/URL;)Lorg/openqa/selenium/remote/http/HttpClient;+7
j  org.openqa.selenium.grid.session.remote.RemoteSession$Factory.performHandshake(Ljava/lang/Object;Ljava/net/URL;Ljava/util/Set;Lorg/openqa/selenium/Capabilities;)Ljava/util/Optional;+4
j  org.openqa.selenium.grid.session.remote.ServicedSession$Factory.apply(Ljava/util/Set;Lorg/openqa/selenium/Capabilities;)Ljava/util/Optional;+45
j  org.openqa.selenium.remote.server.ActiveSessionFactory.lambda$apply$12(Ljava/util/Set;Lorg/openqa/selenium/Capabilities;Lorg/openqa/selenium/grid/session/SessionFactory;)Ljava/util/Optional;+3
j  org.openqa.selenium.remote.server.ActiveSessionFactory$$Lambda$304.apply(Ljava/lang/Object;)Ljava/lang/Object;+12
j  java.util.stream.ReferencePipeline$3$1.accept(Ljava/lang/Object;)V+12
j  java.util.stream.ReferencePipeline$11$1.accept(Ljava/lang/Object;)V+18
j  java.util.stream.ReferencePipeline$2$1.accept(Ljava/lang/Object;)V+21
j  java.util.Spliterators$ArraySpliterator.tryAdvance(Ljava/util/function/Consumer;)Z+49
j  java.util.stream.ReferencePipeline.forEachWithCancel(Ljava/util/Spliterator;Ljava/util/stream/Sink;)V+11
j  java.util.stream.AbstractPipeline.copyIntoWithCancel(Ljava/util/stream/Sink;Ljava/util/Spliterator;)V+32
j  java.util.stream.AbstractPipeline.copyInto(Ljava/util/stream/Sink;Ljava/util/Spliterator;)V+49
j  java.util.stream.AbstractPipeline.wrapAndCopyInto(Ljava/util/stream/Sink;Ljava/util/Spliterator;)Ljava/util/stream/Sink;+13
j  java.util.stream.FindOps$FindOp.evaluateSequential(Ljava/util/stream/PipelineHelper;Ljava/util/Spliterator;)Ljava/lang/Object;+14
j  java.util.stream.AbstractPipeline.evaluate(Ljava/util/stream/TerminalOp;)Ljava/lang/Object;+88
j  java.util.stream.ReferencePipeline.findFirst()Ljava/util/Optional;+5
j  org.openqa.selenium.remote.server.ActiveSessionFactory.apply(Ljava/util/Set;Lorg/openqa/selenium/Capabilities;)Ljava/util/Optional;+97
j  org.openqa.selenium.remote.server.NewSessionPipeline.lambda$null$2(Lorg/openqa/selenium/remote/NewSessionPayload;Lorg/openqa/selenium/Capabilities;Lorg/openqa/selenium/grid/session/SessionFactory;)Ljava/util/Optional;+6
j  org.openqa.selenium.remote.server.NewSessionPipeline$$Lambda$296.apply(Ljava/lang/Object;)Ljava/lang/Object;+12
j  java.util.stream.ReferencePipeline$3$1.accept(Ljava/lang/Object;)V+12
j  java.util.stream.ReferencePipeline$2$1.accept(Ljava/lang/Object;)V+21
j  java.util.Collections$2.tryAdvance(Ljava/util/function/Consumer;)Z+29
j  java.util.stream.ReferencePipeline.forEachWithCancel(Ljava/util/Spliterator;Ljava/util/stream/Sink;)V+11
j  java.util.stream.AbstractPipeline.copyIntoWithCancel(Ljava/util/stream/Sink;Ljava/util/Spliterator;)V+32
j  java.util.stream.AbstractPipeline.copyInto(Ljava/util/stream/Sink;Ljava/util/Spliterator;)V+49
j  java.util.stream.AbstractPipeline.wrapAndCopyInto(Ljava/util/stream/Sink;Ljava/util/Spliterator;)Ljava/util/stream/Sink;+13
j  java.util.stream.FindOps$FindOp.evaluateSequential(Ljava/util/stream/PipelineHelper;Ljava/util/Spliterator;)Ljava/lang/Object;+14
j  java.util.stream.AbstractPipeline.evaluate(Ljava/util/stream/TerminalOp;)Ljava/lang/Object;+88
j  java.util.stream.ReferencePipeline.findFirst()Ljava/util/Optional;+5
j  org.openqa.selenium.remote.server.NewSessionPipeline.lambda$createNewSession$3(Lorg/openqa/selenium/remote/NewSessionPayload;Lorg/openqa/selenium/Capabilities;)Ljava/util/Optional;+52
j  org.openqa.selenium.remote.server.NewSessionPipeline$$Lambda$291.apply(Ljava/lang/Object;)Ljava/lang/Object;+12
j  java.util.stream.ReferencePipeline$3$1.accept(Ljava/lang/Object;)V+12
j  java.util.stream.ReferencePipeline$3$1.accept(Ljava/lang/Object;)V+17
j  java.util.stream.ReferencePipeline$3$1.accept(Ljava/lang/Object;)V+17
j  java.util.stream.DistinctOps$1$2.accept(Ljava/lang/Object;)V+29
j  java.util.stream.ReferencePipeline$2$1.accept(Ljava/lang/Object;)V+21
j  java.util.stream.ReferencePipeline$3$1.accept(Ljava/lang/Object;)V+17
j  java.util.stream.ReferencePipeline$2$1.accept(Ljava/lang/Object;)V+21
j  java.util.stream.Streams$StreamBuilderImpl.tryAdvance(Ljava/util/function/Consumer;)Z+19
j  java.util.stream.Streams$ConcatSpliterator.tryAdvance(Ljava/util/function/Consumer;)Z+12
j  java.util.stream.ReferencePipeline.forEachWithCancel(Ljava/util/Spliterator;Ljava/util/stream/Sink;)V+11
j  java.util.stream.AbstractPipeline.copyIntoWithCancel(Ljava/util/stream/Sink;Ljava/util/Spliterator;)V+32
j  java.util.stream.AbstractPipeline.copyInto(Ljava/util/stream/Sink;Ljava/util/Spliterator;)V+49
j  java.util.stream.AbstractPipeline.wrapAndCopyInto(Ljava/util/stream/Sink;Ljava/util/Spliterator;)Ljava/util/stream/Sink;+13
j  java.util.stream.FindOps$FindOp.evaluateSequential(Ljava/util/stream/PipelineHelper;Ljava/util/Spliterator;)Ljava/lang/Object;+14
j  java.util.stream.AbstractPipeline.evaluate(Ljava/util/stream/TerminalOp;)Ljava/lang/Object;+88
j  java.util.stream.ReferencePipeline.findFirst()Ljava/util/Optional;+5
j  org.openqa.selenium.remote.server.NewSessionPipeline.createNewSession(Lorg/openqa/selenium/remote/NewSessionPayload;)Lorg/openqa/selenium/grid/session/ActiveSession;+47
j  org.openqa.selenium.remote.server.commandhandler.BeginSession.execute(Lorg/openqa/selenium/remote/http/HttpRequest;Lorg/openqa/selenium/remote/http/HttpResponse;)V+36
j  org.openqa.selenium.remote.server.WebDriverServlet.lambda$handle$0(Lorg/openqa/selenium/grid/web/CommandHandler;Ljavax/servlet/http/HttpServletRequest;Ljavax/servlet/http/HttpServletResponse;)V+243
j  org.openqa.selenium.remote.server.WebDriverServlet$$Lambda$136.run()V+12
j  java.util.concurrent.Executors$RunnableAdapter.call()Ljava/lang/Object;+4
j  java.util.concurrent.FutureTask.run()V+42
j  java.util.concurrent.ThreadPoolExecutor.runWorker(Ljava/util/concurrent/ThreadPoolExecutor$Worker;)V+95
j  java.util.concurrent.ThreadPoolExecutor$Worker.run()V+5
j  java.lang.Thread.run()V+11
v  ~StubRoutines::call_stub

---------------  P R O C E S S  ---------------

Java Threads: ( => current thread )
  0x16f15000 JavaThread "Keep-Alive-Timer" daemon [_thread_blocked, id=30524, stack(0x17dd0000,0x17e20000)]
  0x16f17c00 JavaThread "Exec Stream Pumper" daemon [_thread_in_native, id=29768, stack(0x17d40000,0x17d90000)]
  0x16f16400 JavaThread "Exec Stream Pumper" daemon [_thread_in_native, id=29832, stack(0x17cb0000,0x17d00000)]
  0x16f17800 JavaThread "UrlChecker-2" daemon [_thread_blocked, id=25812, stack(0x17c20000,0x17c70000)]
  0x16f17000 JavaThread "Exec Default Executor" daemon [_thread_in_native, id=16520, stack(0x17b90000,0x17be0000)]
  0x16ec3000 JavaThread "ForkJoinPool.commonPool-worker-1" daemon [_thread_blocked, id=30672, stack(0x17b00000,0x17b50000)]
=>0x16e34800 JavaThread "/session" [_thread_in_native, id=30160, stack(0x17970000,0x179c0000)]
  0x16e33400 JavaThread "Scheduler-17987266" [_thread_blocked, id=19984, stack(0x177e0000,0x17830000)]
  0x02ef1c00 JavaThread "DestroyJavaVM" [_thread_blocked, id=29928, stack(0x02d70000,0x02dc0000)]
  0x16dd5800 JavaThread "qtp17307026-15" [_thread_blocked, id=30240, stack(0x17380000,0x173d0000)]
  0x16d95400 JavaThread "qtp17307026-14" [_thread_in_native, id=30312, stack(0x172f0000,0x17340000)]
  0x16da4400 JavaThread "qtp17307026-13" [_thread_blocked, id=30236, stack(0x17260000,0x172b0000)]
  0x16d75400 JavaThread "qtp17307026-12" [_thread_blocked, id=26904, stack(0x171d0000,0x17220000)]
  0x16dc9400 JavaThread "qtp17307026-11-acceptor-0@54a379-ServerConnector@935603{HTTP/1.1,[http/1.1]}{0.0.0.0:4444}" [_thread_in_native, id=30180, stack(0x17140000,0x17190000)]
  0x167f8400 JavaThread "qtp17307026-10" [_thread_blocked, id=30184, stack(0x16c90000,0x16ce0000)]
  0x168dec00 JavaThread "pool-2-thread-1" [_thread_blocked, id=30316, stack(0x16c00000,0x16c50000)]
  0x02fa0400 JavaThread "Service Thread" daemon [_thread_blocked, id=8152, stack(0x16600000,0x16650000)]
  0x02f89400 JavaThread "C1 CompilerThread0" daemon [_thread_blocked, id=26092, stack(0x16570000,0x165c0000)]
  0x02f88800 JavaThread "Attach Listener" daemon [_thread_blocked, id=18908, stack(0x164e0000,0x16530000)]
  0x02f86c00 JavaThread "Signal Dispatcher" daemon [_thread_blocked, id=27052, stack(0x15e90000,0x15ee0000)]
  0x02f77000 JavaThread "Finalizer" daemon [_thread_blocked, id=27684, stack(0x15d10000,0x15d60000)]
  0x02f19800 JavaThread "Reference Handler" daemon [_thread_blocked, id=29748, stack(0x15250000,0x152a0000)]

Other Threads:
  0x02f16400 VMThread [stack: 0x15200000,0x15250000] [id=15992]
  0x02fb5800 WatcherThread [stack: 0x16690000,0x166e0000] [id=30200]

VM state:not at safepoint (normal execution)

VM Mutex/Monitor currently owned by a thread: None

Heap:
 def new generation   total 5056K, used 1810K [0x05200000, 0x05770000, 0x0a750000)
  eden space 4544K,  39% used [0x05200000, 0x053c48a0, 0x05670000)
  from space 512K,   0% used [0x05670000, 0x05670000, 0x056f0000)
  to   space 512K,   0% used [0x056f0000, 0x056f0000, 0x05770000)
 tenured generation   total 10944K, used 4837K [0x0a750000, 0x0b200000, 0x15200000)
   the space 10944K,  44% used [0x0a750000, 0x0ac097a0, 0x0ac09800, 0x0b200000)
 Metaspace       used 7139K, capacity 7872K, committed 7936K, reserved 8576K

Card table byte_map: [0x050f0000,0x05180000] byte_map_base: 0x050c7000

Polling page: 0x02dc0000

CodeCache: size=32768Kb used=1344Kb max_used=1344Kb free=31423Kb
 bounds [0x03070000, 0x031c8000, 0x05070000]
 total_blobs=709 nmethods=512 adapters=129
 compilation: enabled

Compilation events (10 events):
Event: 4.567 Thread 0x02f89400  515             java.lang.CharacterDataLatin1::digit (91 bytes)
Event: 4.567 Thread 0x02f89400 nmethod 515 0x031bd808 code [0x031bd900, 0x031bda30]
Event: 4.567 Thread 0x02f89400  516             java.math.BigInteger::destructiveMulAdd (150 bytes)
Event: 4.567 Thread 0x02f89400 nmethod 516 0x031bdb48 code [0x031bdc50, 0x031bded0]
Event: 4.567 Thread 0x02f89400  517             java.util.regex.Pattern$Single::isSatisfiedBy (14 bytes)
Event: 4.567 Thread 0x02f89400 nmethod 517 0x031be108 code [0x031be200, 0x031be290]
Event: 4.567 Thread 0x02f89400  518             java.util.regex.Pattern$Branch::match (66 bytes)
Event: 4.568 Thread 0x02f89400 nmethod 518 0x031be2c8 code [0x031be3e0, 0x031be558]
Event: 4.568 Thread 0x02f89400  519             java.math.BigInteger::<init> (404 bytes)
Event: 4.569 Thread 0x02f89400 nmethod 519 0x031be6c8 code [0x031be940, 0x031bf3f0]

GC Heap History (10 events):
Event: 0.627 GC heap before
{Heap before GC invocations=3 (full 0):
 def new generation   total 4928K, used 4928K [0x05200000, 0x05750000, 0x0a750000)
  eden space 4416K, 100% used [0x05200000, 0x05650000, 0x05650000)
  from space 512K, 100% used [0x056d0000, 0x05750000, 0x05750000)
  to   space 512K,   0% used [0x05650000, 0x05650000, 0x056d0000)
 tenured generation   total 10944K, used 2738K [0x0a750000, 0x0b200000, 0x15200000)
   the space 10944K,  25% used [0x0a750000, 0x0a9fcbb0, 0x0a9fcc00, 0x0b200000)
 Metaspace       used 4015K, capacity 4832K, committed 4864K, reserved 5504K
Event: 0.631 GC heap after
Heap after GC invocations=4 (full 0):
 def new generation   total 4928K, used 512K [0x05200000, 0x05750000, 0x0a750000)
  eden space 4416K,   0% used [0x05200000, 0x05200000, 0x05650000)
  from space 512K, 100% used [0x05650000, 0x056d0000, 0x056d0000)
  to   space 512K,   0% used [0x056d0000, 0x056d0000, 0x05750000)
 tenured generation   total 10944K, used 3735K [0x0a750000, 0x0b200000, 0x15200000)
   the space 10944K,  34% used [0x0a750000, 0x0aaf5ed0, 0x0aaf6000, 0x0b200000)
 Metaspace       used 4015K, capacity 4832K, committed 4864K, reserved 5504K
}
Event: 0.894 GC heap before
{Heap before GC invocations=4 (full 0):
 def new generation   total 4928K, used 4928K [0x05200000, 0x05750000, 0x0a750000)
  eden space 4416K, 100% used [0x05200000, 0x05650000, 0x05650000)
  from space 512K, 100% used [0x05650000, 0x056d0000, 0x056d0000)
  to   space 512K,   0% used [0x056d0000, 0x056d0000, 0x05750000)
 tenured generation   total 10944K, used 3735K [0x0a750000, 0x0b200000, 0x15200000)
   the space 10944K,  34% used [0x0a750000, 0x0aaf5ed0, 0x0aaf6000, 0x0b200000)
 Metaspace       used 5006K, capacity 5399K, committed 5504K, reserved 5504K
Event: 0.900 GC heap after
Heap after GC invocations=5 (full 0):
 def new generation   total 4928K, used 512K [0x05200000, 0x05750000, 0x0a750000)
  eden space 4416K,   0% used [0x05200000, 0x05200000, 0x05650000)
  from space 512K, 100% used [0x056d0000, 0x05750000, 0x05750000)
  to   space 512K,   0% used [0x05650000, 0x05650000, 0x056d0000)
 tenured generation   total 10944K, used 4597K [0x0a750000, 0x0b200000, 0x15200000)
   the space 10944K,  42% used [0x0a750000, 0x0abcd7f8, 0x0abcd800, 0x0b200000)
 Metaspace       used 5006K, capacity 5399K, committed 5504K, reserved 5504K
}
Event: 3.836 GC heap before
{Heap before GC invocations=5 (full 0):
 def new generation   total 4928K, used 4928K [0x05200000, 0x05750000, 0x0a750000)
  eden space 4416K, 100% used [0x05200000, 0x05650000, 0x05650000)
  from space 512K, 100% used [0x056d0000, 0x05750000, 0x05750000)
  to   space 512K,   0% used [0x05650000, 0x05650000, 0x056d0000)
 tenured generation   total 10944K, used 4597K [0x0a750000, 0x0b200000, 0x15200000)
   the space 10944K,  42% used [0x0a750000, 0x0abcd7f8, 0x0abcd800, 0x0b200000)
 Metaspace       used 5639K, capacity 6143K, committed 6144K, reserved 6528K
Event: 3.844 GC heap after
Heap after GC invocations=6 (full 0):
 def new generation   total 4928K, used 511K [0x05200000, 0x05750000, 0x0a750000)
  eden space 4416K,   0% used [0x05200000, 0x05200000, 0x05650000)
  from space 512K,  99% used [0x05650000, 0x056cfff8, 0x056d0000)
  to   space 512K,   0% used [0x056d0000, 0x056d0000, 0x05750000)
 tenured generation   total 10944K, used 5701K [0x0a750000, 0x0b200000, 0x15200000)
   the space 10944K,  52% used [0x0a750000, 0x0ace14e8, 0x0ace1600, 0x0b200000)
 Metaspace       used 5639K, capacity 6143K, committed 6144K, reserved 6528K
}
Event: 3.943 GC heap before
{Heap before GC invocations=6 (full 0):
 def new generation   total 4928K, used 4927K [0x05200000, 0x05750000, 0x0a750000)
  eden space 4416K, 100% used [0x05200000, 0x05650000, 0x05650000)
  from space 512K,  99% used [0x05650000, 0x056cfff8, 0x056d0000)
  to   space 512K,   0% used [0x056d0000, 0x056d0000, 0x05750000)
 tenured generation   total 10944K, used 5701K [0x0a750000, 0x0b200000, 0x15200000)
   the space 10944K,  52% used [0x0a750000, 0x0ace14e8, 0x0ace1600, 0x0b200000)
 Metaspace       used 6248K, capacity 6928K, committed 7040K, reserved 7552K
Event: 3.947 GC heap after
Heap after GC invocations=7 (full 0):
 def new generation   total 4928K, used 512K [0x05200000, 0x05750000, 0x0a750000)
  eden space 4416K,   0% used [0x05200000, 0x05200000, 0x05650000)
  from space 512K, 100% used [0x056d0000, 0x05750000, 0x05750000)
  to   space 512K,   0% used [0x05650000, 0x05650000, 0x056d0000)
 tenured generation   total 10944K, used 6507K [0x0a750000, 0x0b200000, 0x15200000)
   the space 10944K,  59% used [0x0a750000, 0x0adaac00, 0x0adaac00, 0x0b200000)
 Metaspace       used 6248K, capacity 6928K, committed 7040K, reserved 7552K
}
Event: 4.484 GC heap before
{Heap before GC invocations=7 (full 0):
 def new generation   total 4928K, used 1425K [0x05200000, 0x05750000, 0x0a750000)
  eden space 4416K,  20% used [0x05200000, 0x052e47f8, 0x05650000)
  from space 512K, 100% used [0x056d0000, 0x05750000, 0x05750000)
  to   space 512K,   0% used [0x05650000, 0x05650000, 0x056d0000)
 tenured generation   total 10944K, used 6507K [0x0a750000, 0x0b200000, 0x15200000)
   the space 10944K,  59% used [0x0a750000, 0x0adaac00, 0x0adaac00, 0x0b200000)
 Metaspace       used 6485K, capacity 7160K, committed 7168K, reserved 9600K
Event: 4.501 GC heap after
Heap after GC invocations=8 (full 1):
 def new generation   total 5056K, used 0K [0x05200000, 0x05770000, 0x0a750000)
  eden space 4544K,   0% used [0x05200000, 0x05200000, 0x05670000)
  from space 512K,   0% used [0x05670000, 0x05670000, 0x056f0000)
  to   space 512K,   0% used [0x056f0000, 0x056f0000, 0x05770000)
 tenured generation   total 10944K, used 4837K [0x0a750000, 0x0b200000, 0x15200000)
   the space 10944K,  44% used [0x0a750000, 0x0ac097a0, 0x0ac09800, 0x0b200000)
 Metaspace       used 6484K, capacity 7157K, committed 7168K, reserved 8576K
}

Deoptimization events (0 events):
No events

Classes redefined (0 events):
No events

Internal exceptions (10 events):
Event: 0.476 Thread 0x02ef1c00 Exception <a 'java/lang/ArrayIndexOutOfBoundsException'> (0x05609af8) thrown at [C:\workspace\8-2-build-windows-i586-cygwin\jdk8u191\11896\hotspot\src\share\vm\runtime\sharedRuntime.cpp, line 605]
Event: 0.477 Thread 0x02ef1c00 Exception <a 'java/lang/ArrayIndexOutOfBoundsException'> (0x0560b2f0) thrown at [C:\workspace\8-2-build-windows-i586-cygwin\jdk8u191\11896\hotspot\src\share\vm\runtime\sharedRuntime.cpp, line 605]
Event: 0.482 Thread 0x02ef1c00 Exception <a 'java/lang/ArrayIndexOutOfBoundsException'> (0x0562d5f0) thrown at [C:\workspace\8-2-build-windows-i586-cygwin\jdk8u191\11896\hotspot\src\share\vm\runtime\sharedRuntime.cpp, line 605]
Event: 0.492 Thread 0x02ef1c00 Exception <a 'java/lang/ArrayIndexOutOfBoundsException'> (0x0563db98) thrown at [C:\workspace\8-2-build-windows-i586-cygwin\jdk8u191\11896\hotspot\src\share\vm\runtime\sharedRuntime.cpp, line 605]
Event: 0.962 Thread 0x16dd5800 Exception <a 'java/lang/NoSuchMethodError': java.lang.Object.lambda$comparing$77a9974f$1(Ljava/util/function/Function;Ljava/lang/Object;Ljava/lang/Object;)I> (0x0548c3e0) thrown at [C:\workspace\8-2-build-windows-i586-cygwin\jdk8u191\11896\hotspot\src\sha
Event: 0.962 Thread 0x16dd5800 Exception <a 'java/lang/NoSuchMethodError': java.lang.Object.lambda$maxBy$1(Ljava/util/Comparator;Ljava/lang/Object;Ljava/lang/Object;)Ljava/lang/Object;> (0x05490288) thrown at [C:\workspace\8-2-build-windows-i586-cygwin\jdk8u191\11896\hotspot\src\share\
Event: 0.988 Thread 0x16e34800 Exception <a 'java/lang/NoSuchMethodError': java.lang.Object.lambda$chars$0()Ljava/util/Spliterator$OfInt;> (0x055a33a0) thrown at [C:\workspace\8-2-build-windows-i586-cygwin\jdk8u191\11896\hotspot\src\share\vm\interpreter\linkResolver.cpp, line 620]
Event: 3.855 Thread 0x16e34800 Exception <a 'java/lang/IncompatibleClassChangeError': Found class java.lang.Object, but interface was expected> (0x0524fb78) thrown at [C:\workspace\8-2-build-windows-i586-cygwin\jdk8u191\11896\hotspot\src\share\vm\interpreter\linkResolver.cpp, line 653]
Event: 3.856 Thread 0x16e34800 Exception <a 'java/lang/NoSuchMethodError': java.lang.Object.lambda$or$2(Ljava/util/function/Predicate;Ljava/lang/Object;)Z> (0x05258930) thrown at [C:\workspace\8-2-build-windows-i586-cygwin\jdk8u191\11896\hotspot\src\share\vm\interpreter\linkResolver.cp
Event: 4.461 Thread 0x16f17800 Exception <a 'java/net/SocketTimeoutException': connect timed out> (0x0526dfc0) thrown at [C:\workspace\8-2-build-windows-i586-cygwin\jdk8u191\11896\hotspot\src\share\vm\prims\jni.cpp, line 735]

Events (10 events):
Event: 4.573 loading class java/security/KeyStoreSpi done
Event: 4.573 loading class sun/security/provider/JavaKeyStore$DualFormatJKS
Event: 4.573 loading class sun/security/provider/KeyStoreDelegator
Event: 4.573 loading class sun/security/provider/KeyStoreDelegator done
Event: 4.573 loading class sun/security/provider/JavaKeyStore$DualFormatJKS done
Event: 4.573 loading class sun/security/provider/JavaKeyStore$JKS
Event: 4.573 loading class sun/security/provider/JavaKeyStore
Event: 4.573 loading class sun/security/provider/JavaKeyStore done
Event: 4.573 loading class sun/security/provider/JavaKeyStore$JKS done
Event: 4.573 loading class sun/security/pkcs12/PKCS12KeyStore


Dynamic libraries:
0x00320000 - 0x00353000 	C:\Program Files (x86)\Common Files\Oracle\Java\javapath\java.EXE
0x77640000 - 0x777d0000 	C:\Windows\SYSTEM32\ntdll.dll
0x74370000 - 0x74450000 	C:\Windows\System32\KERNEL32.DLL
0x74880000 - 0x74a64000 	C:\Windows\System32\KERNELBASE.dll
0x6aa20000 - 0x6aabd000 	C:\Windows\SYSTEM32\apphelp.dll
0x75b10000 - 0x75b88000 	C:\Windows\System32\ADVAPI32.dll
0x75c30000 - 0x75cef000 	C:\Windows\System32\msvcrt.dll
0x75390000 - 0x753d4000 	C:\Windows\System32\sechost.dll
0x74450000 - 0x74510000 	C:\Windows\System32\RPCRT4.dll
0x73f00000 - 0x73f20000 	C:\Windows\System32\SspiCli.dll
0x73ef0000 - 0x73efa000 	C:\Windows\System32\CRYPTBASE.dll
0x75480000 - 0x754d8000 	C:\Windows\System32\bcryptPrimitives.dll
0x73f20000 - 0x740ad000 	C:\Windows\System32\USER32.dll
0x741c0000 - 0x741d7000 	C:\Windows\System32\win32u.dll
0x74140000 - 0x74162000 	C:\Windows\System32\GDI32.dll
0x75220000 - 0x75384000 	C:\Windows\System32\gdi32full.dll
0x740c0000 - 0x7413d000 	C:\Windows\System32\msvcp_win.dll
0x74720000 - 0x7483e000 	C:\Windows\System32\ucrtbase.dll
0x707c0000 - 0x709c4000 	C:\Windows\WinSxS\x86_microsoft.windows.common-controls_6595b64144ccf1df_6.0.17134.472_none_42ecd1cc44e43e73\COMCTL32.dll
0x75e00000 - 0x7605c000 	C:\Windows\System32\combase.dll
0x753e0000 - 0x75406000 	C:\Windows\System32\IMM32.DLL
0x5a3f0000 - 0x5a45a000 	C:\Program Files (x86)\McAfee\Endpoint Security\Threat Prevention\Ips\EpMPApi.dll
0x74170000 - 0x741b7000 	C:\Windows\System32\WINTRUST.dll
0x74710000 - 0x7471e000 	C:\Windows\System32\MSASN1.dll
0x76060000 - 0x761f6000 	C:\Windows\System32\CRYPT32.dll
0x5f290000 - 0x5f299000 	C:\Program Files (x86)\McAfee\Endpoint Security\Threat Prevention\Ips\EpMPThe.dll
0x5a3b0000 - 0x5a3e5000 	C:\Program Files (x86)\McAfee\Endpoint Security\Threat Prevention\Ips\HIPHandlers.dll
0x754e0000 - 0x754e6000 	C:\Windows\System32\PSAPI.DLL
0x75d50000 - 0x75d95000 	C:\Windows\System32\SHLWAPI.dll
0x76200000 - 0x7754a000 	C:\Windows\System32\SHELL32.dll
0x74840000 - 0x74879000 	C:\Windows\System32\cfgmgr32.dll
0x75190000 - 0x75218000 	C:\Windows\System32\shcore.dll
0x754f0000 - 0x75aaa000 	C:\Windows\System32\windows.storage.dll
0x74570000 - 0x7457f000 	C:\Windows\System32\kernel.appcore.dll
0x74bd0000 - 0x74be8000 	C:\Windows\System32\profapi.dll
0x75da0000 - 0x75de5000 	C:\Windows\System32\powrprof.dll
0x75df0000 - 0x75df8000 	C:\Windows\System32\FLTLIB.DLL
0x75410000 - 0x75477000 	C:\Windows\System32\WS2_32.dll
0x5a2f0000 - 0x5a3af000 	C:\Program Files (x86)\Java\jre1.8.0_191\bin\msvcr100.dll
0x59430000 - 0x59803000 	C:\Program Files (x86)\Java\jre1.8.0_191\bin\client\jvm.dll
0x70eb0000 - 0x70ed4000 	C:\Windows\SYSTEM32\WINMM.dll
0x722a0000 - 0x722a8000 	C:\Windows\SYSTEM32\WSOCK32.dll
0x73680000 - 0x73688000 	C:\Windows\SYSTEM32\VERSION.dll
0x70dd0000 - 0x70df3000 	C:\Windows\SYSTEM32\winmmbase.dll
0x5c9d0000 - 0x5c9dc000 	C:\Program Files (x86)\Java\jre1.8.0_191\bin\verify.dll
0x5a2c0000 - 0x5a2e2000 	C:\Program Files (x86)\Java\jre1.8.0_191\bin\java.dll
0x59410000 - 0x59424000 	C:\Program Files (x86)\Java\jre1.8.0_191\bin\zip.dll
0x5c9c0000 - 0x5c9ca000 	C:\Program Files (x86)\Java\jre1.8.0_191\bin\management.dll
0x593f0000 - 0x59405000 	C:\Program Files (x86)\Java\jre1.8.0_191\bin\net.dll
0x737d0000 - 0x73826000 	C:\Windows\system32\mswsock.dll
0x5a2b0000 - 0x5a2bf000 	C:\Program Files (x86)\Java\jre1.8.0_191\bin\nio.dll
0x73660000 - 0x73673000 	C:\Windows\SYSTEM32\CRYPTSP.dll
0x73630000 - 0x7365f000 	C:\Windows\system32\rsaenh.dll
0x73610000 - 0x73629000 	C:\Windows\SYSTEM32\bcrypt.dll
0x73c90000 - 0x73cb1000 	C:\Windows\SYSTEM32\USERENV.dll
0x73a70000 - 0x73aa0000 	C:\Windows\SYSTEM32\IPHLPAPI.DLL
0x740b0000 - 0x740b7000 	C:\Windows\System32\NSI.dll
0x72c80000 - 0x72c93000 	C:\Windows\SYSTEM32\dhcpcsvc6.DLL
0x72c60000 - 0x72c74000 	C:\Windows\SYSTEM32\dhcpcsvc.DLL
0x730f0000 - 0x7317e000 	C:\Windows\SYSTEM32\DNSAPI.dll
0x72cc0000 - 0x72cc8000 	C:\Windows\System32\rasadhlp.dll
0x72cd0000 - 0x72d1f000 	C:\Windows\System32\fwpuclnt.dll
0x593d0000 - 0x593f0000 	C:\Program Files (x86)\Java\jre1.8.0_191\bin\sunec.dll
0x6feb0000 - 0x70032000 	C:\Windows\SYSTEM32\dbghelp.dll

VM Arguments:
jvm_args: -Dwebdriver.chrome.driver=C:\Users\m.kamble\Documents\Boots\dhp-ui-automation\node_modules\selenium-standalone\.selenium\chromedriver\2.43-x64-chromedriver -Dwebdriver.ie.driver=C:\Users\m.kamble\Documents\Boots\dhp-ui-automation\node_modules\selenium-standalone\.selenium\iedriver\3.14.0-x64-IEDriverServer.exe -Dwebdriver.edge.driver=C:\Users\m.kamble\Documents\Boots\dhp-ui-automation\node_modules\selenium-standalone\.selenium\edgedriver\17134-MicrosoftEdgeDriver.exe -Dwebdriver.gecko.driver=C:\Users\m.kamble\Documents\Boots\dhp-ui-automation\node_modules\selenium-standalone\.selenium\geckodriver\0.23.0-x64-geckodriver 
java_command: C:\Users\m.kamble\Documents\Boots\dhp-ui-automation\node_modules\selenium-standalone\.selenium\selenium-server\3.141.0-server.jar
java_class_path (initial): C:\Users\m.kamble\Documents\Boots\dhp-ui-automation\node_modules\selenium-standalone\.selenium\selenium-server\3.141.0-server.jar
Launcher Type: SUN_STANDARD

Environment Variables:
PATH=C:\Program Files\nodejs\node_modules\npm\node_modules\npm-lifecycle\node-gyp-bin;C:\Users\m.kamble\Documents\Boots\dhp-ui-automation\node_modules\.bin;C:\Program Files (x86)\Common Files\Oracle\Java\javapath;C:\Windows\system32;C:\Windows;C:\Windows\System32\Wbem;C:\Windows\System32\WindowsPowerShell\v1.0\;C:\Windows\System32\OpenSSH\;C:\Program Files\nodejs\;C:\Program Files\Git\cmd;C:\Users\m.kamble\AppData\Local\Microsoft\WindowsApps;;C:\Users\m.kamble\AppData\Local\Programs\Microsoft VS Code\bin
USERNAME=m.kamble
OS=Windows_NT
PROCESSOR_IDENTIFIER=Intel64 Family 6 Model 79 Stepping 1, GenuineIntel



---------------  S Y S T E M  ---------------

OS: Windows 10.0 , 64 bit Build 17134 (10.0.17134.1)

CPU:total 2 (initial active 2) (2 cores per cpu, 1 threads per core) family 6 model 79 stepping 1, cmov, cx8, fxsr, mmx, sse, sse2, sse3, ssse3, sse4.1, sse4.2, popcnt, avx, avx2, aes, clmul, erms, rtm, 3dnowpref, lzcnt, tsc, bmi1, bmi2, adx

Memory: 4k page, physical 8388148k(1845012k free), swap 10485160k(1560k free)

vm_info: Java HotSpot(TM) Client VM (25.191-b12) for windows-x86 JRE (1.8.0_191-b12), built on Oct  6 2018 08:34:23 by "java_re" with MS VC++ 10.0 (VS2010)

time: Fri Jan 04 10:56:27 2019
elapsed time: 4 seconds (0d 0h 0m 4s)

